<?xml version="1.0" encoding="UTF-8"?>
<testng-results skipped="0" failed="0" ignored="0" total="1" passed="1">
  <reporter-output>
  </reporter-output>
  <suite name="Default suite" duration-ms="21387" started-at="2020-09-10T20:59:26 ICT" finished-at="2020-09-10T20:59:48 ICT">
    <groups>
    </groups>
    <test name="Default test" duration-ms="21387" started-at="2020-09-10T20:59:26 ICT" finished-at="2020-09-10T20:59:48 ICT">
      <class name="testPackage.TestHomePageKid">
        <test-method status="PASS" signature="setup()[pri:0, instance:testPackage.TestHomePageKid@578486a3]" name="setup" is-config="true" duration-ms="14030" started-at="2020-09-10T20:59:26 ICT" finished-at="2020-09-10T20:59:40 ICT">
          <reporter-output>
          </reporter-output>
        </test-method> <!-- setup -->
        <test-method status="PASS" signature="testPageHomeKid()[pri:0, instance:testPackage.TestHomePageKid@578486a3]" name="testPageHomeKid" duration-ms="7278" started-at="2020-09-10T20:59:40 ICT" finished-at="2020-09-10T20:59:48 ICT">
          <reporter-output>
          </reporter-output>
        </test-method> <!-- testPageHomeKid -->
      </class> <!-- testPackage.TestHomePageKid -->
    </test> <!-- Default test -->
  </suite> <!-- Default suite -->
</testng-results>
